# JRE version: Java(TM) SE Runtime Environment (8.0_271-b09) (build 1.8.0_271-b09)
# Java VM: Java HotSpot(TM) 64-Bit Server VM (25.271-b09 mixed mode windows-amd64 compressed oops)
Heap:
 PSYoungGen      total 215040K, used 188042K [0x00000000d6300000, 0x00000000e5080000, 0x0000000100000000)
  eden space 209408K, 89% used [0x00000000d6300000,0x00000000e1a2a850,0x00000000e2f80000)
  from space 5632K, 8% used [0x00000000e4b00000,0x00000000e4b78000,0x00000000e5080000)
  to   space 16896K, 0% used [0x00000000e2f80000,0x00000000e2f80000,0x00000000e4000000)
 ParOldGen       total 112128K, used 21598K [0x0000000082800000, 0x0000000089580000, 0x00000000d6300000)
  object space 112128K, 19% used [0x0000000082800000,0x0000000083d17b68,0x0000000089580000)
 Metaspace       used 56057K, capacity 59100K, committed 60288K, reserved 1101824K
  class space    used 7330K, capacity 7841K, committed 8064K, reserved 1048576K
GC Heap History (10 events):
Event: 5.585 GC heap before
{Heap before GC invocations=9 (full 2):
 PSYoungGen      total 138752K, used 8692K [0x00000000d6300000, 0x00000000e2580000, 0x0000000100000000)
  eden space 130048K, 0% used [0x00000000d6300000,0x00000000d6300000,0x00000000de200000)
  from space 8704K, 99% used [0x00000000de200000,0x00000000dea7d0c0,0x00000000dea80000)
  to   space 10752K, 0% used [0x00000000e1b00000,0x00000000e1b00000,0x00000000e2580000)
 ParOldGen       total 51200K, used 8444K [0x0000000082800000, 0x0000000085a00000, 0x00000000d6300000)
  object space 51200K, 16% used [0x0000000082800000,0x000000008303f0a8,0x0000000085a00000)
 Metaspace       used 33494K, capacity 35280K, committed 35416K, reserved 1081344K
  class space    used 4256K, capacity 4605K, committed 4608K, reserved 1048576K
Event: 5.659 GC heap after
Heap after GC invocations=9 (full 2):
 PSYoungGen      total 138752K, used 0K [0x00000000d6300000, 0x00000000e2580000, 0x0000000100000000)
  eden space 130048K, 0% used [0x00000000d6300000,0x00000000d6300000,0x00000000de200000)
  from space 8704K, 0% used [0x00000000de200000,0x00000000de200000,0x00000000dea80000)
  to   space 10752K, 0% used [0x00000000e1b00000,0x00000000e1b00000,0x00000000e2580000)
 ParOldGen       total 80896K, used 15094K [0x0000000082800000, 0x0000000087700000, 0x00000000d6300000)
  object space 80896K, 18% used [0x0000000082800000,0x00000000836bdab0,0x0000000087700000)
 Metaspace       used 33494K, capacity 35280K, committed 35416K, reserved 1081344K
  class space    used 4256K, capacity 4605K, committed 4608K, reserved 1048576K
}
Event: 8.830 GC heap before
{Heap before GC invocations=10 (full 2):
 PSYoungGen      total 138752K, used 130048K [0x00000000d6300000, 0x00000000e2580000, 0x0000000100000000)
  eden space 130048K, 100% used [0x00000000d6300000,0x00000000de200000,0x00000000de200000)
  from space 8704K, 0% used [0x00000000de200000,0x00000000de200000,0x00000000dea80000)
  to   space 10752K, 0% used [0x00000000e1b00000,0x00000000e1b00000,0x00000000e2580000)
 ParOldGen       total 80896K, used 15094K [0x0000000082800000, 0x0000000087700000, 0x00000000d6300000)
  object space 80896K, 18% used [0x0000000082800000,0x00000000836bdab0,0x0000000087700000)
 Metaspace       used 48115K, capacity 50586K, committed 50816K, reserved 1093632K
  class space    used 6594K, capacity 7032K, committed 7040K, reserved 1048576K
Event: 8.849 GC heap after
Heap after GC invocations=10 (full 2):
 PSYoungGen      total 184320K, used 10744K [0x00000000d6300000, 0x00000000e3d80000, 0x0000000100000000)
  eden space 173568K, 0% used [0x00000000d6300000,0x00000000d6300000,0x00000000e0c80000)
  from space 10752K, 99% used [0x00000000e1b00000,0x00000000e257e2f0,0x00000000e2580000)
  to   space 14848K, 0% used [0x00000000e0c80000,0x00000000e0c80000,0x00000000e1b00000)
 ParOldGen       total 80896K, used 21654K [0x0000000082800000, 0x0000000087700000, 0x00000000d6300000)
  object space 80896K, 26% used [0x0000000082800000,0x0000000083d25838,0x0000000087700000)
 Metaspace       used 48115K, capacity 50586K, committed 50816K, reserved 1093632K
  class space    used 6594K, capacity 7032K, committed 7040K, reserved 1048576K
}
Event: 10.662 GC heap before
{Heap before GC invocations=11 (full 2):
 PSYoungGen      total 184320K, used 95378K [0x00000000d6300000, 0x00000000e3d80000, 0x0000000100000000)
  eden space 173568K, 48% used [0x00000000d6300000,0x00000000db5a6880,0x00000000e0c80000)
  from space 10752K, 99% used [0x00000000e1b00000,0x00000000e257e2f0,0x00000000e2580000)
  to   space 14848K, 0% used [0x00000000e0c80000,0x00000000e0c80000,0x00000000e1b00000)
 ParOldGen       total 80896K, used 21654K [0x0000000082800000, 0x0000000087700000, 0x00000000d6300000)
  object space 80896K, 26% used [0x0000000082800000,0x0000000083d25838,0x0000000087700000)
 Metaspace       used 55284K, capacity 58950K, committed 59008K, reserved 1099776K
  class space    used 7437K, capacity 8012K, committed 8064K, reserved 1048576K
Event: 10.676 GC heap after
Heap after GC invocations=11 (full 2):
 PSYoungGen      total 188416K, used 12933K [0x00000000d6300000, 0x00000000e5a80000, 0x0000000100000000)
  eden space 173568K, 0% used [0x00000000d6300000,0x00000000d6300000,0x00000000e0c80000)
  from space 14848K, 87% used [0x00000000e0c80000,0x00000000e1921728,0x00000000e1b00000)
  to   space 15872K, 0% used [0x00000000e4b00000,0x00000000e4b00000,0x00000000e5a80000)
 ParOldGen       total 80896K, used 21662K [0x0000000082800000, 0x0000000087700000, 0x00000000d6300000)
  object space 80896K, 26% used [0x0000000082800000,0x0000000083d27838,0x0000000087700000)
 Metaspace       used 55284K, capacity 58950K, committed 59008K, reserved 1099776K
  class space    used 7437K, capacity 8012K, committed 8064K, reserved 1048576K
}
Event: 10.676 GC heap before
{Heap before GC invocations=12 (full 3):
 PSYoungGen      total 188416K, used 12933K [0x00000000d6300000, 0x00000000e5a80000, 0x0000000100000000)
  eden space 173568K, 0% used [0x00000000d6300000,0x00000000d6300000,0x00000000e0c80000)
  from space 14848K, 87% used [0x00000000e0c80000,0x00000000e1921728,0x00000000e1b00000)
  to   space 15872K, 0% used [0x00000000e4b00000,0x00000000e4b00000,0x00000000e5a80000)
 ParOldGen       total 80896K, used 21662K [0x0000000082800000, 0x0000000087700000, 0x00000000d6300000)
  object space 80896K, 26% used [0x0000000082800000,0x0000000083d27838,0x0000000087700000)
 Metaspace       used 55284K, capacity 58950K, committed 59008K, reserved 1099776K
  class space    used 7437K, capacity 8012K, committed 8064K, reserved 1048576K
Event: 10.817 GC heap after
Heap after GC invocations=12 (full 3):
 PSYoungGen      total 188416K, used 0K [0x00000000d6300000, 0x00000000e5a80000, 0x0000000100000000)
  eden space 173568K, 0% used [0x00000000d6300000,0x00000000d6300000,0x00000000e0c80000)
  from space 14848K, 0% used [0x00000000e0c80000,0x00000000e0c80000,0x00000000e1b00000)
  to   space 15872K, 0% used [0x00000000e4b00000,0x00000000e4b00000,0x00000000e5a80000)
 ParOldGen       total 112128K, used 21598K [0x0000000082800000, 0x0000000089580000, 0x00000000d6300000)
  object space 112128K, 19% used [0x0000000082800000,0x0000000083d17b68,0x0000000089580000)
 Metaspace       used 54919K, capacity 57912K, committed 59008K, reserved 1099776K
  class space    used 7318K, capacity 7809K, committed 8064K, reserved 1048576K
}
Event: 27.514 GC heap before
{Heap before GC invocations=13 (full 3):
 PSYoungGen      total 188416K, used 173568K [0x00000000d6300000, 0x00000000e5a80000, 0x0000000100000000)
  eden space 173568K, 100% used [0x00000000d6300000,0x00000000e0c80000,0x00000000e0c80000)
  from space 14848K, 0% used [0x00000000e0c80000,0x00000000e0c80000,0x00000000e1b00000)
  to   space 15872K, 0% used [0x00000000e4b00000,0x00000000e4b00000,0x00000000e5a80000)
 ParOldGen       total 112128K, used 21598K [0x0000000082800000, 0x0000000089580000, 0x00000000d6300000)
  object space 112128K, 19% used [0x0000000082800000,0x0000000083d17b68,0x0000000089580000)
 Metaspace       used 56030K, capacity 59036K, committed 60288K, reserved 1101824K
  class space    used 7325K, capacity 7841K, committed 8064K, reserved 1048576K
Event: 27.518 GC heap after
Heap after GC invocations=13 (full 3):
 PSYoungGen      total 215040K, used 480K [0x00000000d6300000, 0x00000000e5080000, 0x0000000100000000)
  eden space 209408K, 0% used [0x00000000d6300000,0x00000000d6300000,0x00000000e2f80000)
  from space 5632K, 8% used [0x00000000e4b00000,0x00000000e4b78000,0x00000000e5080000)
  to   space 16896K, 0% used [0x00000000e2f80000,0x00000000e2f80000,0x00000000e4000000)
 ParOldGen       total 112128K, used 21598K [0x0000000082800000, 0x0000000089580000, 0x00000000d6300000)
  object space 112128K, 19% used [0x0000000082800000,0x0000000083d17b68,0x0000000089580000)
 Metaspace       used 56030K, capacity 59036K, committed 60288K, reserved 1101824K
  class space    used 7325K, capacity 7841K, committed 8064K, reserved 1048576K
}

